<?xml version="1.0" encoding="UTF-8"?>
<!-- Generated by org.testng.reporters.JUnitReportReporter -->
<testsuite hostname="MSI" failures="0" tests="2" name="Test.TestNG_Demo2" time="3.471" errors="0" timestamp="2022-06-08T12:09:37 SGT" skipped="0">
  <testcase classname="Test.TestNG_Demo2" name="googleSearch3" time="1.235"/>
  <system-out/>
  <testcase classname="Test.TestNG_Demo2" name="googleSearch2" time="2.236"/>
  <system-out/>
</testsuite> <!-- Test.TestNG_Demo2 -->
